Initialising communication.
Communication initialised 
Let the game begin...
My name: my_player.log
My colour: 2
Board size: 8
Time limit: 1000
-----------------------------------
  0 1 2 3 4 5 6 7 
0 . . . . . . . . 
1 . . . . . . . . 
2 . . . . . . . . 
3 . . . W B . . . 
4 . . . B W . . . 
5 . . . . . . . . 
6 . . . . . . . . 
7 . . . . . . . . 

Placing piece in row: 2, column: 4
  0 1 2 3 4 5 6 7 
0 . . . . . . . . 
1 . . . . . . . . 
2 . . . . W . . . 
3 . . . W W . . . 
4 . . . B W . . . 
5 . . . . . . . . 
6 . . . . . . . . 
7 . . . . . . . . 

Opponent placing piece in row: 1, column: 4
  0 1 2 3 4 5 6 7 
0 . . . . . . . . 
1 . . . . B . . . 
2 . . . . W . . . 
3 . . . W W . . . 
4 . . . B W . . . 
5 . . . . . . . . 
6 . . . . . . . . 
7 . . . . . . . . 

Placing piece in row: 0, column: 4
  0 1 2 3 4 5 6 7 
0 . . . . W . . . 
1 . . . . W . . . 
2 . . . . W . . . 
3 . . . W W . . . 
4 . . . B W . . . 
5 . . . . . . . . 
6 . . . . . . . . 
7 . . . . . . . . 

Opponent placing piece in row: 4, column: 3
  0 1 2 3 4 5 6 7 
0 . . . . W . . . 
1 . . . . W . . . 
2 . . . . W . . . 
3 . . . W W . . . 
4 . . . B W . . . 
5 . . . . . . . . 
6 . . . . . . . . 
7 . . . . . . . . 

Placing piece in row: 4, column: 2
  0 1 2 3 4 5 6 7 
0 . . . . W . . . 
1 . . . . W . . . 
2 . . . . W . . . 
3 . . . W W . . . 
4 . . W W W . . . 
5 . . . . . . . . 
6 . . . . . . . . 
7 . . . . . . . . 

Opponent placing piece in row: 3, column: 0
  0 1 2 3 4 5 6 7 
0 . . . . W . . . 
1 . . . . W . . . 
2 . . . . W . . . 
3 B . . W W . . . 
4 . . W W W . . . 
5 . . . . . . . . 
6 . . . . . . . . 
7 . . . . . . . . 

 Only move is to pass
  0 1 2 3 4 5 6 7 
0 . . . . W . . . 
1 . . . . W . . . 
2 . . . . W . . . 
3 B . . W W . . . 
4 . . W W W . . . 
5 . . . . . . . . 
6 . . . . . . . . 
7 . . . . . . . . 
Game terminated.
